2018-12-10T11:04:25+00:00 CRITICAL Uncaught Error: Function name must be a string in /home/deb108402n2/domains/talpaq.com/public_html/sandbox/wp-content/themes/grandtour-child/template-checkout.php:223
Stack trace:
#0 /home/deb108402n2/domains/talpaq.com/public_html/sandbox/wp-includes/template-loader.php(74): include()
#1 /home/deb108402n2/domains/talpaq.com/public_html/sandbox/wp-blog-header.php(19): require_once('/home/deb108402...')
#2 /home/deb108402n2/domains/talpaq.com/public_html/sandbox/index.php(17): require('/home/deb108402...')
#3 {main}
  thrown

2018-12-10T11:04:57+00:00 CRITICAL Uncaught Error: Function name must be a string in /home/deb108402n2/domains/talpaq.com/public_html/sandbox/wp-content/themes/grandtour-child/template-checkout.php:223
Stack trace:
#0 /home/deb108402n2/domains/talpaq.com/public_html/sandbox/wp-includes/template-loader.php(74): include()
#1 /home/deb108402n2/domains/talpaq.com/public_html/sandbox/wp-blog-header.php(19): require_once('/home/deb108402...')
#2 /home/deb108402n2/domains/talpaq.com/public_html/sandbox/index.php(17): require('/home/deb108402...')
#3 {main}
  thrown

2018-12-10T11:05:43+00:00 CRITICAL Uncaught Error: Function name must be a string in /home/deb108402n2/domains/talpaq.com/public_html/sandbox/wp-content/themes/grandtour-child/template-checkout.php:223
Stack trace:
#0 /home/deb108402n2/domains/talpaq.com/public_html/sandbox/wp-includes/template-loader.php(74): include()
#1 /home/deb108402n2/domains/talpaq.com/public_html/sandbox/wp-blog-header.php(19): require_once('/home/deb108402...')
#2 /home/deb108402n2/domains/talpaq.com/public_html/sandbox/index.php(17): require('/home/deb108402...')
#3 {main}
  thrown

2018-12-10T11:06:04+00:00 CRITICAL Uncaught Error: Function name must be a string in /home/deb108402n2/domains/talpaq.com/public_html/sandbox/wp-content/themes/grandtour-child/template-checkout.php:223
Stack trace:
#0 /home/deb108402n2/domains/talpaq.com/public_html/sandbox/wp-includes/template-loader.php(74): include()
#1 /home/deb108402n2/domains/talpaq.com/public_html/sandbox/wp-blog-header.php(19): require_once('/home/deb108402...')
#2 /home/deb108402n2/domains/talpaq.com/public_html/sandbox/index.php(17): require('/home/deb108402...')
#3 {main}
  thrown

2018-12-10T11:06:26+00:00 CRITICAL Uncaught Error: Function name must be a string in /home/deb108402n2/domains/talpaq.com/public_html/sandbox/wp-content/themes/grandtour-child/template-checkout.php:53
Stack trace:
#0 /home/deb108402n2/domains/talpaq.com/public_html/sandbox/wp-includes/template-loader.php(74): include()
#1 /home/deb108402n2/domains/talpaq.com/public_html/sandbox/wp-blog-header.php(19): require_once('/home/deb108402...')
#2 /home/deb108402n2/domains/talpaq.com/public_html/sandbox/index.php(17): require('/home/deb108402...')
#3 {main}
  thrown

2018-12-10T11:06:41+00:00 CRITICAL Uncaught Error: Function name must be a string in /home/deb108402n2/domains/talpaq.com/public_html/sandbox/wp-content/themes/grandtour-child/template-checkout.php:53
Stack trace:
#0 /home/deb108402n2/domains/talpaq.com/public_html/sandbox/wp-includes/template-loader.php(74): include()
#1 /home/deb108402n2/domains/talpaq.com/public_html/sandbox/wp-blog-header.php(19): require_once('/home/deb108402...')
#2 /home/deb108402n2/domains/talpaq.com/public_html/sandbox/index.php(17): require('/home/deb108402...')
#3 {main}
  thrown

2018-12-10T11:06:56+00:00 CRITICAL Uncaught Error: Function name must be a string in /home/deb108402n2/domains/talpaq.com/public_html/sandbox/wp-content/themes/grandtour-child/template-checkout.php:53
Stack trace:
#0 /home/deb108402n2/domains/talpaq.com/public_html/sandbox/wp-includes/template-loader.php(74): include()
#1 /home/deb108402n2/domains/talpaq.com/public_html/sandbox/wp-blog-header.php(19): require_once('/home/deb108402...')
#2 /home/deb108402n2/domains/talpaq.com/public_html/sandbox/index.php(17): require('/home/deb108402...')
#3 {main}
  thrown

2018-12-10T14:58:41+00:00 CRITICAL Uncaught Error: Call to undefined function qtrans_getLanguage() in /home/deb108402n2/domains/talpaq.com/public_html/sandbox/wp-content/themes/grandtour-child/template-payment.php:173
Stack trace:
#0 /home/deb108402n2/domains/talpaq.com/public_html/sandbox/wp-includes/template-loader.php(74): include()
#1 /home/deb108402n2/domains/talpaq.com/public_html/sandbox/wp-blog-header.php(19): require_once('/home/deb108402...')
#2 /home/deb108402n2/domains/talpaq.com/public_html/sandbox/index.php(17): require('/home/deb108402...')
#3 {main}
  thrown

2018-12-10T16:23:42+00:00 CRITICAL Uncaught Error: Call to undefined function stringify() in /home/deb108402n2/domains/talpaq.com/public_html/sandbox/wp-content/plugins/Holli/holli.php:73
Stack trace:
#0 /home/deb108402n2/domains/talpaq.com/public_html/sandbox/wp-content/themes/grandtour-child/template-payment.php(190): apiPostRequest(Array)
#1 /home/deb108402n2/domains/talpaq.com/public_html/sandbox/wp-includes/template-loader.php(74): include('/home/deb108402...')
#2 /home/deb108402n2/domains/talpaq.com/public_html/sandbox/wp-blog-header.php(19): require_once('/home/deb108402...')
#3 /home/deb108402n2/domains/talpaq.com/public_html/sandbox/index.php(17): require('/home/deb108402...')
#4 {main}
  thrown

2018-12-10T16:24:00+00:00 CRITICAL Uncaught Error: Call to undefined function stringify() in /home/deb108402n2/domains/talpaq.com/public_html/sandbox/wp-content/plugins/Holli/holli.php:73
Stack trace:
#0 /home/deb108402n2/domains/talpaq.com/public_html/sandbox/wp-content/themes/grandtour-child/template-payment.php(190): apiPostRequest(Array)
#1 /home/deb108402n2/domains/talpaq.com/public_html/sandbox/wp-includes/template-loader.php(74): include('/home/deb108402...')
#2 /home/deb108402n2/domains/talpaq.com/public_html/sandbox/wp-blog-header.php(19): require_once('/home/deb108402...')
#3 /home/deb108402n2/domains/talpaq.com/public_html/sandbox/index.php(17): require('/home/deb108402...')
#4 {main}
  thrown

2018-12-10T18:36:46+00:00 CRITICAL Uncaught Error: Using $this when not in object context in /home/deb108402n2/domains/talpaq.com/public_html/sandbox/wp-content/themes/grandtour-child/functions.php:40
Stack trace:
#0 /home/deb108402n2/domains/talpaq.com/public_html/sandbox/wp-content/themes/grandtour-child/template-payment.php(190): apiPostRequest('orders', Array)
#1 /home/deb108402n2/domains/talpaq.com/public_html/sandbox/wp-includes/template-loader.php(74): include('/home/deb108402...')
#2 /home/deb108402n2/domains/talpaq.com/public_html/sandbox/wp-blog-header.php(19): require_once('/home/deb108402...')
#3 /home/deb108402n2/domains/talpaq.com/public_html/sandbox/index.php(17): require('/home/deb108402...')
#4 {main}
  thrown

2018-12-10T18:38:10+00:00 CRITICAL Uncaught Error: Using $this when not in object context in /home/deb108402n2/domains/talpaq.com/public_html/sandbox/wp-content/themes/grandtour-child/functions.php:42
Stack trace:
#0 /home/deb108402n2/domains/talpaq.com/public_html/sandbox/wp-content/themes/grandtour-child/template-payment.php(190): apiPostRequest('orders', Array)
#1 /home/deb108402n2/domains/talpaq.com/public_html/sandbox/wp-includes/template-loader.php(74): include('/home/deb108402...')
#2 /home/deb108402n2/domains/talpaq.com/public_html/sandbox/wp-blog-header.php(19): require_once('/home/deb108402...')
#3 /home/deb108402n2/domains/talpaq.com/public_html/sandbox/index.php(17): require('/home/deb108402...')
#4 {main}
  thrown

2018-12-10T18:39:08+00:00 CRITICAL Uncaught Error: Using $this when not in object context in /home/deb108402n2/domains/talpaq.com/public_html/sandbox/wp-content/themes/grandtour-child/functions.php:40
Stack trace:
#0 /home/deb108402n2/domains/talpaq.com/public_html/sandbox/wp-content/themes/grandtour-child/template-payment.php(190): apiPostRequest('orders', Array)
#1 /home/deb108402n2/domains/talpaq.com/public_html/sandbox/wp-includes/template-loader.php(74): include('/home/deb108402...')
#2 /home/deb108402n2/domains/talpaq.com/public_html/sandbox/wp-blog-header.php(19): require_once('/home/deb108402...')
#3 /home/deb108402n2/domains/talpaq.com/public_html/sandbox/index.php(17): require('/home/deb108402...')
#4 {main}
  thrown

2018-12-10T18:39:24+00:00 CRITICAL Uncaught Error: Using $this when not in object context in /home/deb108402n2/domains/talpaq.com/public_html/sandbox/wp-content/themes/grandtour-child/functions.php:40
Stack trace:
#0 /home/deb108402n2/domains/talpaq.com/public_html/sandbox/wp-content/themes/grandtour-child/template-payment.php(190): apiPostRequest('orders', Array)
#1 /home/deb108402n2/domains/talpaq.com/public_html/sandbox/wp-includes/template-loader.php(74): include('/home/deb108402...')
#2 /home/deb108402n2/domains/talpaq.com/public_html/sandbox/wp-blog-header.php(19): require_once('/home/deb108402...')
#3 /home/deb108402n2/domains/talpaq.com/public_html/sandbox/index.php(17): require('/home/deb108402...')
#4 {main}
  thrown

2018-12-10T18:39:58+00:00 CRITICAL Uncaught Error: Using $this when not in object context in /home/deb108402n2/domains/talpaq.com/public_html/sandbox/wp-content/themes/grandtour-child/functions.php:38
Stack trace:
#0 /home/deb108402n2/domains/talpaq.com/public_html/sandbox/wp-content/themes/grandtour-child/template-payment.php(190): apiPostRequest('orders', Array)
#1 /home/deb108402n2/domains/talpaq.com/public_html/sandbox/wp-includes/template-loader.php(74): include('/home/deb108402...')
#2 /home/deb108402n2/domains/talpaq.com/public_html/sandbox/wp-blog-header.php(19): require_once('/home/deb108402...')
#3 /home/deb108402n2/domains/talpaq.com/public_html/sandbox/index.php(17): require('/home/deb108402...')
#4 {main}
  thrown

