2018-12-08T13:59:57+00:00 CRITICAL Uncaught Error: Function name must be a string in /home/deb108402n2/domains/talpaq.com/public_html/sandbox/wp-content/themes/grandtour-child/checkout.php:204
Stack trace:
#0 /home/deb108402n2/domains/talpaq.com/public_html/sandbox/wp-includes/template-loader.php(74): include()
#1 /home/deb108402n2/domains/talpaq.com/public_html/sandbox/wp-blog-header.php(19): require_once('/home/deb108402...')
#2 /home/deb108402n2/domains/talpaq.com/public_html/sandbox/index.php(17): require('/home/deb108402...')
#3 {main}
  thrown

2018-12-08T14:00:04+00:00 CRITICAL Uncaught Error: Function name must be a string in /home/deb108402n2/domains/talpaq.com/public_html/sandbox/wp-content/themes/grandtour-child/checkout.php:204
Stack trace:
#0 /home/deb108402n2/domains/talpaq.com/public_html/sandbox/wp-includes/template-loader.php(74): include()
#1 /home/deb108402n2/domains/talpaq.com/public_html/sandbox/wp-blog-header.php(19): require_once('/home/deb108402...')
#2 /home/deb108402n2/domains/talpaq.com/public_html/sandbox/index.php(17): require('/home/deb108402...')
#3 {main}
  thrown

2018-12-08T14:04:03+00:00 CRITICAL Uncaught Error: Function name must be a string in /home/deb108402n2/domains/talpaq.com/public_html/sandbox/wp-content/themes/grandtour-child/checkout.php:204
Stack trace:
#0 /home/deb108402n2/domains/talpaq.com/public_html/sandbox/wp-includes/template-loader.php(74): include()
#1 /home/deb108402n2/domains/talpaq.com/public_html/sandbox/wp-blog-header.php(19): require_once('/home/deb108402...')
#2 /home/deb108402n2/domains/talpaq.com/public_html/sandbox/index.php(17): require('/home/deb108402...')
#3 {main}
  thrown

2018-12-08T14:04:06+00:00 CRITICAL Uncaught Error: Function name must be a string in /home/deb108402n2/domains/talpaq.com/public_html/sandbox/wp-content/themes/grandtour-child/checkout.php:204
Stack trace:
#0 /home/deb108402n2/domains/talpaq.com/public_html/sandbox/wp-includes/template-loader.php(74): include()
#1 /home/deb108402n2/domains/talpaq.com/public_html/sandbox/wp-blog-header.php(19): require_once('/home/deb108402...')
#2 /home/deb108402n2/domains/talpaq.com/public_html/sandbox/index.php(17): require('/home/deb108402...')
#3 {main}
  thrown

2018-12-08T14:04:10+00:00 CRITICAL Uncaught Error: Function name must be a string in /home/deb108402n2/domains/talpaq.com/public_html/sandbox/wp-content/themes/grandtour-child/checkout.php:204
Stack trace:
#0 /home/deb108402n2/domains/talpaq.com/public_html/sandbox/wp-includes/template-loader.php(74): include()
#1 /home/deb108402n2/domains/talpaq.com/public_html/sandbox/wp-blog-header.php(19): require_once('/home/deb108402...')
#2 /home/deb108402n2/domains/talpaq.com/public_html/sandbox/index.php(17): require('/home/deb108402...')
#3 {main}
  thrown

2018-12-08T14:05:47+00:00 CRITICAL Uncaught Error: Function name must be a string in /home/deb108402n2/domains/talpaq.com/public_html/sandbox/wp-content/themes/grandtour-child/checkout.php:204
Stack trace:
#0 /home/deb108402n2/domains/talpaq.com/public_html/sandbox/wp-includes/template-loader.php(74): include()
#1 /home/deb108402n2/domains/talpaq.com/public_html/sandbox/wp-blog-header.php(19): require_once('/home/deb108402...')
#2 /home/deb108402n2/domains/talpaq.com/public_html/sandbox/index.php(17): require('/home/deb108402...')
#3 {main}
  thrown

2018-12-08T14:05:55+00:00 CRITICAL Uncaught Error: Function name must be a string in /home/deb108402n2/domains/talpaq.com/public_html/sandbox/wp-content/themes/grandtour-child/checkout.php:204
Stack trace:
#0 /home/deb108402n2/domains/talpaq.com/public_html/sandbox/wp-includes/template-loader.php(74): include()
#1 /home/deb108402n2/domains/talpaq.com/public_html/sandbox/wp-blog-header.php(19): require_once('/home/deb108402...')
#2 /home/deb108402n2/domains/talpaq.com/public_html/sandbox/index.php(17): require('/home/deb108402...')
#3 {main}
  thrown

2018-12-08T14:06:45+00:00 CRITICAL Uncaught Error: Function name must be a string in /home/deb108402n2/domains/talpaq.com/public_html/sandbox/wp-content/themes/grandtour-child/checkout.php:204
Stack trace:
#0 /home/deb108402n2/domains/talpaq.com/public_html/sandbox/wp-includes/template-loader.php(74): include()
#1 /home/deb108402n2/domains/talpaq.com/public_html/sandbox/wp-blog-header.php(19): require_once('/home/deb108402...')
#2 /home/deb108402n2/domains/talpaq.com/public_html/sandbox/index.php(17): require('/home/deb108402...')
#3 {main}
  thrown

2018-12-08T14:07:02+00:00 CRITICAL Uncaught Error: Function name must be a string in /home/deb108402n2/domains/talpaq.com/public_html/sandbox/wp-content/themes/grandtour-child/checkout.php:204
Stack trace:
#0 /home/deb108402n2/domains/talpaq.com/public_html/sandbox/wp-includes/template-loader.php(74): include()
#1 /home/deb108402n2/domains/talpaq.com/public_html/sandbox/wp-blog-header.php(19): require_once('/home/deb108402...')
#2 /home/deb108402n2/domains/talpaq.com/public_html/sandbox/index.php(17): require('/home/deb108402...')
#3 {main}
  thrown

2018-12-08T14:23:06+00:00 CRITICAL Uncaught Error: Function name must be a string in /home/deb108402n2/domains/talpaq.com/public_html/sandbox/wp-content/themes/grandtour-child/template-checkout.php:206
Stack trace:
#0 /home/deb108402n2/domains/talpaq.com/public_html/sandbox/wp-includes/template-loader.php(74): include()
#1 /home/deb108402n2/domains/talpaq.com/public_html/sandbox/wp-blog-header.php(19): require_once('/home/deb108402...')
#2 /home/deb108402n2/domains/talpaq.com/public_html/sandbox/index.php(17): require('/home/deb108402...')
#3 {main}
  thrown

2018-12-08T14:24:01+00:00 CRITICAL Uncaught Error: Function name must be a string in /home/deb108402n2/domains/talpaq.com/public_html/sandbox/wp-content/themes/grandtour-child/template-checkout.php:206
Stack trace:
#0 /home/deb108402n2/domains/talpaq.com/public_html/sandbox/wp-includes/template-loader.php(74): include()
#1 /home/deb108402n2/domains/talpaq.com/public_html/sandbox/wp-blog-header.php(19): require_once('/home/deb108402...')
#2 /home/deb108402n2/domains/talpaq.com/public_html/sandbox/index.php(17): require('/home/deb108402...')
#3 {main}
  thrown

2018-12-08T14:24:12+00:00 CRITICAL Uncaught Error: Function name must be a string in /home/deb108402n2/domains/talpaq.com/public_html/sandbox/wp-content/themes/grandtour-child/template-checkout.php:206
Stack trace:
#0 /home/deb108402n2/domains/talpaq.com/public_html/sandbox/wp-includes/template-loader.php(74): include()
#1 /home/deb108402n2/domains/talpaq.com/public_html/sandbox/wp-blog-header.php(19): require_once('/home/deb108402...')
#2 /home/deb108402n2/domains/talpaq.com/public_html/sandbox/index.php(17): require('/home/deb108402...')
#3 {main}
  thrown

2018-12-08T14:24:29+00:00 CRITICAL Uncaught Error: Function name must be a string in /home/deb108402n2/domains/talpaq.com/public_html/sandbox/wp-content/themes/grandtour-child/template-checkout.php:206
Stack trace:
#0 /home/deb108402n2/domains/talpaq.com/public_html/sandbox/wp-includes/template-loader.php(74): include()
#1 /home/deb108402n2/domains/talpaq.com/public_html/sandbox/wp-blog-header.php(19): require_once('/home/deb108402...')
#2 /home/deb108402n2/domains/talpaq.com/public_html/sandbox/index.php(17): require('/home/deb108402...')
#3 {main}
  thrown

2018-12-08T14:30:12+00:00 CRITICAL Cannot redeclare redirect_post() (previously declared in /home/deb108402n2/domains/talpaq.com/public_html/sandbox/wp-content/themes/grandtour-child/functions.php:27)

2018-12-08T14:30:13+00:00 CRITICAL Cannot redeclare redirect_post() (previously declared in /home/deb108402n2/domains/talpaq.com/public_html/sandbox/wp-content/themes/grandtour-child/functions.php:27)

2018-12-08T14:30:13+00:00 CRITICAL Cannot redeclare redirect_post() (previously declared in /home/deb108402n2/domains/talpaq.com/public_html/sandbox/wp-content/themes/grandtour-child/functions.php:27)

2018-12-08T14:30:17+00:00 CRITICAL Cannot redeclare redirect_post() (previously declared in /home/deb108402n2/domains/talpaq.com/public_html/sandbox/wp-content/themes/grandtour-child/functions.php:27)

